{
  "RSpec": {
    "coverage": {
      "/Users/Tara/Projects/week10/bank-tech-test/spec/account_spec.rb": [
        1,
        1,
        null,
        1,
        1,
        1,
        1,
        1,
        1,
        null,
        null,
        null,
        1,
        1,
        1,
        1,
        1,
        1,
        null,
        1,
        1,
        1,
        2,
        null,
        null,
        null,
        1,
        1,
        1,
        1,
        1,
        1,
        1,
        null,
        1,
        1,
        1,
        2,
        null,
        null,
        null,
        1,
        1,
        1,
        1,
        2,
        null,
        1,
        1,
        1,
        1,
        1,
        1,
        2,
        null,
        null,
        null,
        null,
        null,
        null
      ],
      "/Users/Tara/Projects/week10/bank-tech-test/lib/account.rb": [
        1,
        1,
        null,
        1,
        1,
        null,
        1,
        7,
        7,
        null,
        null,
        1,
        4,
        1,
        null,
        3,
        3,
        null,
        3,
        null,
        null,
        1,
        3,
        1,
        null,
        2,
        2,
        null,
        2,
        null,
        null,
        1,
        2,
        2,
        2,
        2,
        2,
        1,
        null,
        1,
        null,
        2,
        2,
        null,
        null,
        null,
        1,
        null,
        1,
        5,
        5,
        null,
        null
      ],
      "/Users/Tara/Projects/week10/bank-tech-test/lib/transaction.rb": [
        1,
        1,
        null,
        1,
        8,
        8,
        8,
        8,
        null,
        null
      ],
      "/Users/Tara/Projects/week10/bank-tech-test/lib/statement.rb": [
        1,
        1,
        null,
        1,
        9,
        null,
        null
      ],
      "/Users/Tara/Projects/week10/bank-tech-test/spec/statement_spec.rb": [
        1,
        null,
        1,
        1,
        1,
        1,
        1,
        null,
        null,
        null,
        1,
        1,
        1,
        1,
        1,
        1,
        null,
        null,
        null
      ],
      "/Users/Tara/Projects/week10/bank-tech-test/spec/transaction_spec.rb": [
        1,
        1,
        null,
        1,
        1,
        1,
        1,
        1,
        1,
        1,
        1,
        1,
        null,
        null,
        1,
        1,
        1,
        1,
        1,
        1,
        1,
        null,
        null,
        null,
        null
      ]
    },
    "timestamp": 1559825589
  }
}
