{
  "RSpec": {
    "coverage": {
      "/Users/Tara/Projects/week10/bank-tech-test/spec/account_spec.rb": [
        1,
        null,
        1,
        1,
        1,
        1,
        1,
        1,
        null,
        null,
        null,
        1,
        1,
        1,
        1,
        1,
        1,
        null,
        1,
        1,
        1,
        2,
        null,
        null,
        null,
        1,
        1,
        1,
        1,
        1,
        1,
        1,
        null,
        1,
        1,
        1,
        2,
        null,
        null,
        null,
        1,
        1,
        1,
        1,
        2,
        null,
        null,
        null
      ],
      "/Users/Tara/Projects/week10/bank-tech-test/lib/account.rb": [
        1,
        1,
        null,
        1,
        1,
        null,
        1,
        6,
        6,
        null,
        null,
        1,
        3,
        1,
        null,
        2,
        2,
        null,
        2,
        null,
        null,
        1,
        2,
        1,
        null,
        1,
        1,
        null,
        1,
        null,
        null,
        1,
        1,
        1,
        0,
        0,
        0,
        0,
        null,
        0,
        null,
        0,
        0,
        null,
        null,
        null,
        1,
        null,
        1,
        3,
        3,
        null,
        null
      ],
      "/Users/Tara/Projects/week10/bank-tech-test/lib/transaction.rb": [
        1,
        1,
        null,
        1,
        6,
        6,
        6,
        6,
        null,
        null
      ],
      "/Users/Tara/Projects/week10/bank-tech-test/lib/statement.rb": [
        1,
        1,
        null,
        1,
        8,
        null,
        null
      ],
      "/Users/Tara/Projects/week10/bank-tech-test/spec/statement_spec.rb": [
        1,
        null,
        1,
        1,
        1,
        1,
        1,
        null,
        null,
        null,
        1,
        1,
        1,
        1,
        1,
        1,
        null,
        null,
        null
      ],
      "/Users/Tara/Projects/week10/bank-tech-test/spec/transaction_spec.rb": [
        1,
        1,
        null,
        1,
        1,
        1,
        1,
        1,
        1,
        1,
        1,
        1,
        null,
        null,
        1,
        1,
        1,
        1,
        1,
        1,
        1,
        null,
        null,
        null,
        null
      ]
    },
    "timestamp": 1559742671
  }
}
